app/build/intermediates/manifest_merge_blame_file/debug/manifest-merger-blame-debug-report.txt
1<?xml version="1.0" encoding="utf-8"?>
2<manifest xmlns:android="http://schemas.android.com/apk/res/android"
3    package="com.example.plantoterapiaapp"
4    android:versionCode="1"
5    android:versionName="1.0" >
6
7    <uses-sdk
8        android:minSdkVersion="21"
8-->src\main\AndroidManifest.xml
9        android:targetSdkVersion="31" />
9-->src\main\AndroidManifest.xml
10
11    <application
11-->src\main\AndroidManifest.xml:6:5-56:19
12        android:allowBackup="true"
12-->src\main\AndroidManifest.xml:7:9-35
13        android:appComponentFactory="androidx.core.app.CoreComponentFactory"
13-->[androidx.core:core:1.7.0] AndroidManifest.xml:24:18-86
14        android:debuggable="true"
15        android:icon="@mipmap/ic_launcher"
15-->src\main\AndroidManifest.xml:8:9-43
16        android:label="@string/app_name"
16-->src\main\AndroidManifest.xml:9:9-41
17        android:roundIcon="@mipmap/ic_launcher_round"
17-->src\main\AndroidManifest.xml:10:9-54
18        android:supportsRtl="true"
18-->src\main\AndroidManifest.xml:11:9-35
19        android:theme="@style/Theme.PlantoterapiaApp" >
19-->src\main\AndroidManifest.xml:12:9-54
20        <activity
20-->src\main\AndroidManifest.xml:13:9-15:39
21            android:name="com.example.plantoterapiaapp.ModosPlantioActivity"
21-->src\main\AndroidManifest.xml:14:13-49
22            android:exported="true" />
22-->src\main\AndroidManifest.xml:15:13-36
23        <activity
23-->src\main\AndroidManifest.xml:16:9-18:39
24            android:name="com.example.plantoterapiaapp.EstruturasQuimicasActivity"
24-->src\main\AndroidManifest.xml:17:13-55
25            android:exported="true" />
25-->src\main\AndroidManifest.xml:18:13-36
26        <activity
26-->src\main\AndroidManifest.xml:19:9-21:39
27            android:name="com.example.plantoterapiaapp.ReceitasActivity"
27-->src\main\AndroidManifest.xml:20:13-45
28            android:exported="true" />
28-->src\main\AndroidManifest.xml:21:13-36
29        <activity
29-->src\main\AndroidManifest.xml:22:9-24:40
30            android:name="com.example.plantoterapiaapp.AdicionarPostActivity"
30-->src\main\AndroidManifest.xml:23:13-50
31            android:exported="false" />
31-->src\main\AndroidManifest.xml:24:13-37
32        <activity
32-->src\main\AndroidManifest.xml:25:9-27:40
33            android:name="com.example.plantoterapiaapp.ConhecaProjetoActivity"
33-->src\main\AndroidManifest.xml:26:13-51
34            android:exported="false" />
34-->src\main\AndroidManifest.xml:27:13-37
35        <activity
35-->src\main\AndroidManifest.xml:28:9-30:40
36            android:name="com.example.plantoterapiaapp.SobreNosActivity"
36-->src\main\AndroidManifest.xml:29:13-45
37            android:exported="false" />
37-->src\main\AndroidManifest.xml:30:13-37
38        <activity
38-->src\main\AndroidManifest.xml:31:9-33:40
39            android:name="com.example.plantoterapiaapp.CriarPostActivity"
39-->src\main\AndroidManifest.xml:32:13-46
40            android:exported="false" />
40-->src\main\AndroidManifest.xml:33:13-37
41        <activity
41-->src\main\AndroidManifest.xml:34:9-36:40
42            android:name="com.example.plantoterapiaapp.PlantaActivity"
42-->src\main\AndroidManifest.xml:35:13-43
43            android:exported="false" />
43-->src\main\AndroidManifest.xml:36:13-37
44        <activity
44-->src\main\AndroidManifest.xml:37:9-39:40
45            android:name="com.example.plantoterapiaapp.CadastroActivity"
45-->src\main\AndroidManifest.xml:38:13-45
46            android:exported="false" />
46-->src\main\AndroidManifest.xml:39:13-37
47        <activity
47-->src\main\AndroidManifest.xml:40:9-42:40
48            android:name="com.example.plantoterapiaapp.LoginActivity"
48-->src\main\AndroidManifest.xml:41:13-42
49            android:exported="false" />
49-->src\main\AndroidManifest.xml:42:13-37
50        <activity
50-->src\main\AndroidManifest.xml:43:9-51:20
51            android:name="com.example.plantoterapiaapp.MainActivity"
51-->src\main\AndroidManifest.xml:44:13-41
52            android:exported="true" >
52-->src\main\AndroidManifest.xml:45:13-36
53            <intent-filter>
53-->src\main\AndroidManifest.xml:46:13-50:29
54                <action android:name="android.intent.action.MAIN" />
54-->src\main\AndroidManifest.xml:47:17-69
54-->src\main\AndroidManifest.xml:47:25-66
55
56                <category android:name="android.intent.category.LAUNCHER" />
56-->src\main\AndroidManifest.xml:49:17-77
56-->src\main\AndroidManifest.xml:49:27-74
57            </intent-filter>
58        </activity>
59
60        <meta-data
60-->src\main\AndroidManifest.xml:53:9-55:57
61            android:name="preloaded_fonts"
61-->src\main\AndroidManifest.xml:54:13-43
62            android:resource="@array/preloaded_fonts" />
62-->src\main\AndroidManifest.xml:55:13-54
63
64        <provider
64-->[androidx.emoji2:emoji2:1.0.0] AndroidManifest.xml:26:9-34:20
65            android:name="androidx.startup.InitializationProvider"
65-->[androidx.emoji2:emoji2:1.0.0] AndroidManifest.xml:27:13-67
66            android:authorities="com.example.plantoterapiaapp.androidx-startup"
66-->[androidx.emoji2:emoji2:1.0.0] AndroidManifest.xml:28:13-68
67            android:exported="false" >
67-->[androidx.emoji2:emoji2:1.0.0] AndroidManifest.xml:29:13-37
68            <meta-data
68-->[androidx.emoji2:emoji2:1.0.0] AndroidManifest.xml:31:13-33:52
69                android:name="androidx.emoji2.text.EmojiCompatInitializer"
69-->[androidx.emoji2:emoji2:1.0.0] AndroidManifest.xml:32:17-75
70                android:value="androidx.startup" />
70-->[androidx.emoji2:emoji2:1.0.0] AndroidManifest.xml:33:17-49
71            <meta-data
71-->[androidx.lifecycle:lifecycle-process:2.4.0] AndroidManifest.xml:31:13-33:52
72                android:name="androidx.lifecycle.ProcessLifecycleInitializer"
72-->[androidx.lifecycle:lifecycle-process:2.4.0] AndroidManifest.xml:32:17-78
73                android:value="androidx.startup" />
73-->[androidx.lifecycle:lifecycle-process:2.4.0] AndroidManifest.xml:33:17-49
74        </provider>
75    </application>
76
77</manifest>